\BOOKMARK [1][-]{section.1}{\376\377\000P\000r\000o\000b\000l\000e\000m\000\040\0001}{}% 1
\BOOKMARK [2][-]{subsection.1.1}{\376\377\000P\000a\000r\000t\000\040\000a}{section.1}% 2
\BOOKMARK [2][-]{subsection.1.2}{\376\377\000P\000a\000r\000t\000\040\000b}{section.1}% 3
\BOOKMARK [2][-]{subsection.1.3}{\376\377\000P\000a\000r\000t\000\040\000c}{section.1}% 4
\BOOKMARK [1][-]{section.2}{\376\377\000P\000r\000o\000b\000l\000e\000m\000\040\0002}{}% 5
\BOOKMARK [2][-]{subsection.2.1}{\376\377\000P\000a\000r\000t\000\040\000a}{section.2}% 6
\BOOKMARK [2][-]{subsection.2.2}{\376\377\000P\000a\000r\000t\000\040\000b}{section.2}% 7
\BOOKMARK [3][-]{subsubsection.2.2.1}{\376\377\000C\000o\000m\000p\000l\000e\000x\000i\000t\000y\000\040\000v\000i\000a\000\040\000E\000n\000u\000m\000e\000r\000a\000t\000i\000o\000n}{subsection.2.2}% 8
\BOOKMARK [3][-]{subsubsection.2.2.2}{\376\377\000C\000o\000m\000p\000l\000e\000x\000i\000t\000y\000\040\000v\000i\000a\000\040\000V\000a\000r\000i\000a\000b\000l\000e\000\040\000E\000l\000i\000m\000i\000n\000a\000t\000i\000o\000n}{subsection.2.2}% 9
\BOOKMARK [1][-]{section.3}{\376\377\000P\000r\000o\000b\000l\000e\000m\000\040\0003}{}% 10
\BOOKMARK [1][-]{section.4}{\376\377\000P\000r\000o\000b\000l\000e\000m\000\040\0004}{}% 11
\BOOKMARK [2][-]{subsection.4.1}{\376\377\000P\000a\000r\000t\000\040\0001}{section.4}% 12
\BOOKMARK [2][-]{subsection.4.2}{\376\377\000P\000a\000r\000t\000\040\0002}{section.4}% 13
\BOOKMARK [2][-]{subsection.4.4}{\376\377\000P\000a\000r\000t\000\040\0004}{section.4}% 14
\BOOKMARK [2][-]{subsection.4.3}{\376\377\000P\000a\000r\000t\000\040\0003}{section.4}% 15
\BOOKMARK [1][-]{section.5}{\376\377\000P\000r\000o\000b\000l\000e\000m\000\040\0005}{}% 16
\BOOKMARK [2][-]{subsection.5.1}{\376\377\000P\000a\000r\000t\000\040\0001}{section.5}% 17
\BOOKMARK [2][-]{subsection.5.2}{\376\377\000P\000a\000r\000t\000\040\0002}{section.5}% 18
\BOOKMARK [3][-]{subsubsection.5.2.1}{\376\377\000I\000t\000e\000r\000a\000t\000i\000o\000n\000\040\0001}{subsection.5.2}% 19
\BOOKMARK [3][-]{subsubsection.5.2.2}{\376\377\000I\000t\000e\000r\000a\000t\000i\000o\000n\000\040\0002}{subsection.5.2}% 20
\BOOKMARK [2][-]{subsection.5.3}{\376\377\000P\000a\000r\000t\000\040\0003}{section.5}% 21
